0 silly input [ 'publish' ]
1 silly flags { _: [ 'publish' ],
1 silly flags   'reject-cycles': false,
1 silly flags   rejectCycles: false,
1 silly flags   'force-publish': '*',
1 silly flags   forcePublish: '*' }
2 verbose rootPath /Users/wahengchang/Desktop/github/bigear
3 info version 2.11.0
4 silly isInitialized
5 silly isInitialized true
6 silly existsSync /Users/wahengchang/Desktop/github/bigear/VERSION
7 silly initialize attempt
8 info current version 0.0.4
9 silly isDetachedHead
10 silly getCurrentBranch
11 verbose getCurrentBranch master
12 verbose isDetachedHead false
13 silly getCurrentBranch
14 verbose getCurrentBranch master
15 silly getUpdates
16 info Checking for updated packages...
17 silly hasTags
18 verbose hasTags true
19 silly getLastTag
20 verbose getLastTag v0.0.4
21 info Comparing with v0.0.4.
22 verbose updated @bigear/bigear
23 verbose updated @bigear/microphone-recorder
24 info Checking for prereleased packages...
25 silly collectDependents
26 silly isPackageDependentOf @bigear/bigear @bigear/bigear
27 silly isPackageDependentOf @bigear/microphone-recorder @bigear/bigear
28 silly isPackageDependentOf @bigear/bigear @bigear/microphone-recorder
29 verbose dependent @bigear/bigear depends on @bigear/microphone-recorder
30 silly isPackageDependentOf @bigear/microphone-recorder @bigear/bigear
31 silly isPackageDependentOf @bigear/microphone-recorder @bigear/microphone-recorder
32 silly collectUpdates
33 verbose has filtered update @bigear/bigear
34 verbose has filtered update @bigear/microphone-recorder
35 silly initialize success
36 silly execute attempt
37 silly addFile /Users/wahengchang/Desktop/github/bigear/lerna.json
38 silly runScriptSync preversion undefined
39 silly runScriptSync preversion @bigear/bigear
40 silly runScriptSync version @bigear/bigear
41 silly runScriptSync preversion @bigear/microphone-recorder
42 silly runScriptSync version @bigear/microphone-recorder
43 silly runScriptSync version undefined
44 silly addFile /Users/wahengchang/Desktop/github/bigear/packages/bigear/package.json
45 silly addFile /Users/wahengchang/Desktop/github/bigear/packages/microphone-recorder/package.json
46 silly commit v0.0.5
47 verbose commit [ 'commit', '--no-verify', '-m', 'v0.0.5' ]
48 silly addTag v0.0.5
49 silly runScriptSync postversion @bigear/bigear
50 silly runScriptSync postversion @bigear/microphone-recorder
51 silly runScriptSync postversion undefined
52 info publish Publishing packages to npm...
53 silly existsSync /Users/wahengchang/Desktop/github/bigear/packages/bigear/scripts/prepublish.js
54 verbose execScript No prepublish script found at /Users/wahengchang/Desktop/github/bigear/packages/bigear/scripts/prepublish.js
55 silly existsSync /Users/wahengchang/Desktop/github/bigear/packages/microphone-recorder/scripts/prepublish.js
56 verbose execScript No prepublish script found at /Users/wahengchang/Desktop/github/bigear/packages/microphone-recorder/scripts/prepublish.js
57 verbose publishing @bigear/microphone-recorder
58 silly publishTaggedInDir latest microphone-recorder
59 silly getExecOpts { cwd: '/Users/wahengchang/Desktop/github/bigear/packages/microphone-recorder' }
60 info published @bigear/microphone-recorder
61 silly existsSync /Users/wahengchang/Desktop/github/bigear/packages/microphone-recorder/scripts/postpublish.js
62 verbose execScript No postpublish script found at /Users/wahengchang/Desktop/github/bigear/packages/microphone-recorder/scripts/postpublish.js
63 verbose publishing @bigear/bigear
64 silly publishTaggedInDir latest bigear
65 silly getExecOpts { cwd: '/Users/wahengchang/Desktop/github/bigear/packages/bigear' }
66 error publish Retrying failed publish: @bigear/bigear
67 verbose publish error undefined
68 verbose publishing @bigear/bigear
69 silly publishTaggedInDir latest bigear
70 silly getExecOpts { cwd: '/Users/wahengchang/Desktop/github/bigear/packages/bigear' }
71 error publish Retrying failed publish: @bigear/bigear
72 verbose publish error undefined
73 verbose publishing @bigear/bigear
74 silly publishTaggedInDir latest bigear
75 silly getExecOpts { cwd: '/Users/wahengchang/Desktop/github/bigear/packages/bigear' }
76 error publish Retrying failed publish: @bigear/bigear
77 verbose publish error undefined
78 verbose publishing @bigear/bigear
79 silly publishTaggedInDir latest bigear
80 silly getExecOpts { cwd: '/Users/wahengchang/Desktop/github/bigear/packages/bigear' }
81 error publish Retrying failed publish: @bigear/bigear
82 verbose publish error undefined
83 verbose publishing @bigear/bigear
84 silly publishTaggedInDir latest bigear
85 silly getExecOpts { cwd: '/Users/wahengchang/Desktop/github/bigear/packages/bigear' }
86 error publish Ran out of retries while publishing @bigear/bigear Error: Command failed: npm publish --tag latest
86 error publish npm ERR! publish Failed PUT 402
86 error publish npm ERR! code E402
86 error publish npm ERR! You must sign up for private packages : @bigear/bigear
86 error publish
86 error publish npm ERR! A complete log of this run can be found in:
86 error publish npm ERR!     /Users/wahengchang/.npm/_logs/2018-07-31T06_21_05_884Z-debug.log
86 error publish
86 error publish     at Promise.all.then.arr (/Users/wahengchang/.nvm/versions/node/v8.11.1/lib/node_modules/lerna/node_modules/execa/index.js:236:11)
86 error publish     at <anonymous>
86 error publish     at process._tickCallback (internal/process/next_tick.js:188:7)
87 error execute callback with error
88 error Error: Command failed: npm publish --tag latest
88 error npm ERR! publish Failed PUT 402
88 error npm ERR! code E402
88 error npm ERR! You must sign up for private packages : @bigear/bigear
88 error
88 error npm ERR! A complete log of this run can be found in:
88 error npm ERR!     /Users/wahengchang/.npm/_logs/2018-07-31T06_21_05_884Z-debug.log
88 error
88 error     at Promise.all.then.arr (/Users/wahengchang/.nvm/versions/node/v8.11.1/lib/node_modules/lerna/node_modules/execa/index.js:236:11)
88 error     at <anonymous>
